H:\CEGUI\Game\Bin\Client\CEGUIExpatParser.lib
H:\CEGUI\Game\Bin\Client\CEGUIExpatParser.exp
H:\CEGUI\GAME\CEGUIEXPATPARSER\DEBUG\CEGUIEXPATPARSER.OBJ
H:\CEGUI\GAME\CEGUIEXPATPARSER\DEBUG\CEGUIEXPATPARSERMODULE.OBJ
H:\CEGUI\GAME\CEGUIEXPATPARSER\DEBUG\VC110.PDB
H:\CEGUI\GAME\BIN\CLIENT\CEGUIEXPATPARSER.ILK
H:\CEGUI\GAME\BIN\CLIENT\CEGUIEXPATPARSER.DLL
H:\CEGUI\GAME\BIN\CLIENT\CEGUIEXPATPARSER.PDB
H:\CEGUI\Game\CEGUIExpatParser\Debug\CEGUIExpatParser.obj
H:\CEGUI\Game\CEGUIExpatParser\Debug\CEGUIExpatParserModule.obj
H:\CEGUI\Game\CEGUIExpatParser\Debug\CEGUIExpatParser.write.1.tlog
H:\CEGUI\Game\CEGUIExpatParser\Debug\cl.command.1.tlog
H:\CEGUI\Game\CEGUIExpatParser\Debug\CL.read.1.tlog
H:\CEGUI\Game\CEGUIExpatParser\Debug\CL.write.1.tlog
H:\CEGUI\Game\CEGUIExpatParser\Debug\link-cvtres.read.1.tlog
H:\CEGUI\Game\CEGUIExpatParser\Debug\link-cvtres.write.1.tlog
H:\CEGUI\Game\CEGUIExpatParser\Debug\link-rc.read.1.tlog
H:\CEGUI\Game\CEGUIExpatParser\Debug\link-rc.write.1.tlog
H:\CEGUI\Game\CEGUIExpatParser\Debug\link.command.1.tlog
H:\CEGUI\Game\CEGUIExpatParser\Debug\link.read.1.tlog
H:\CEGUI\Game\CEGUIExpatParser\Debug\link.write.1.tlog
H:\CEGUI\Game\CEGUIExpatParser\Debug\vc110.idb
H:\CEGUI\Game\CEGUIExpatParser\Debug\vc110.pdb
H:\CEGUI\Game\Bin\Client\CEGUIExpatParser.pdb
H:\CEGUI\Game\Bin\Client\CEGUIExpatParser.dll
H:\CEGUI\Game\Bin\Client\CEGUIExpatParser.ilk
