H:\CEGUI\Game\Bin\Client\CEGUISILLYImageCodec.lib
H:\CEGUI\Game\Bin\Client\CEGUISILLYImageCodec.exp
H:\CEGUI\GAME\CEGUISILLYIMAGECODEC\DEBUG\CEGUISILLYIMAGECODEC.OBJ
H:\CEGUI\GAME\CEGUISILLYIMAGECODEC\DEBUG\CEGUISILLYIMAGECODECMODULE.OBJ
H:\CEGUI\GAME\CEGUISILLYIMAGECODEC\DEBUG\VC110.PDB
H:\CEGUI\GAME\BIN\CLIENT\CEGUISILLYIMAGECODEC.ILK
H:\CEGUI\GAME\BIN\CLIENT\CEGUISILLYIMAGECODEC.DLL
H:\CEGUI\GAME\BIN\CLIENT\CEGUISILLYIMAGECODEC.PDB
H:\CEGUI\Game\CEGUISILLYImageCodec\Debug\CEGUISILLYImageCodec.obj
H:\CEGUI\Game\CEGUISILLYImageCodec\Debug\CEGUISILLYImageCodecModule.obj
H:\CEGUI\Game\CEGUISILLYImageCodec\Debug\CEGUISILLYImageCodec.write.1.tlog
H:\CEGUI\Game\CEGUISILLYImageCodec\Debug\cl.command.1.tlog
H:\CEGUI\Game\CEGUISILLYImageCodec\Debug\CL.read.1.tlog
H:\CEGUI\Game\CEGUISILLYImageCodec\Debug\CL.write.1.tlog
H:\CEGUI\Game\CEGUISILLYImageCodec\Debug\link-cvtres.read.1.tlog
H:\CEGUI\Game\CEGUISILLYImageCodec\Debug\link-cvtres.write.1.tlog
H:\CEGUI\Game\CEGUISILLYImageCodec\Debug\link-rc.read.1.tlog
H:\CEGUI\Game\CEGUISILLYImageCodec\Debug\link-rc.write.1.tlog
H:\CEGUI\Game\CEGUISILLYImageCodec\Debug\link.command.1.tlog
H:\CEGUI\Game\CEGUISILLYImageCodec\Debug\link.read.1.tlog
H:\CEGUI\Game\CEGUISILLYImageCodec\Debug\link.write.1.tlog
H:\CEGUI\Game\CEGUISILLYImageCodec\Debug\vc110.idb
H:\CEGUI\Game\CEGUISILLYImageCodec\Debug\vc110.pdb
H:\CEGUI\Game\Bin\Client\CEGUISILLYImageCodec.pdb
H:\CEGUI\Game\Bin\Client\CEGUISILLYImageCodec.dll
H:\CEGUI\Game\Bin\Client\CEGUISILLYImageCodec.ilk
