F:\CEGUI\GAME\CEGUICLIENT\DEBUG\FILEHANDLER.OBJ
F:\CEGUI\GAME\CEGUICLIENT\DEBUG\INIFILE.OBJ
F:\CEGUI\GAME\CEGUICLIENT\DEBUG\TABLEFILE.OBJ
F:\CEGUI\GAME\CEGUICLIENT\DEBUG\GAME.OBJ
F:\CEGUI\GAME\CEGUICLIENT\DEBUG\GAMEGUI.OBJ
F:\CEGUI\GAME\CEGUICLIENT\DEBUG\GAMEENTRY.OBJ
F:\CEGUI\GAME\CEGUICLIENT\DEBUG\LOGSYSTEM.OBJ
F:\CEGUI\GAME\CEGUICLIENT\DEBUG\PATHMNGR.OBJ
F:\CEGUI\GAME\CEGUICLIENT\DEBUG\STRINGTOOLS.OBJ
F:\CEGUI\GAME\CEGUICLIENT\DEBUG\THREAD.OBJ
F:\CEGUI\GAME\CEGUICLIENT\DEBUG\GAMEWND.OBJ
F:\CEGUI\GAME\CEGUICLIENT\DEBUG\VC110.PDB
F:\CEGUI\GAME\CEGUICLIENT\DEBUG\RESOURCEMNGR.OBJ
F:\CEGUI\GAME\CEGUICLIENT\DEBUG\GAMELOGIC.OBJ
F:\CEGUI\GAME\BIN\CLIENT\CEGUICLIENT.ILK
F:\CEGUI\GAME\BIN\CLIENT\CEGUICLIENT.EXE
F:\CEGUI\GAME\BIN\CLIENT\CEGUICLIENT.PDB
F:\Cegui\Game\CEGUIClient\Debug\FileHandler.obj
F:\Cegui\Game\CEGUIClient\Debug\Game.obj
F:\Cegui\Game\CEGUIClient\Debug\GameEntry.obj
F:\Cegui\Game\CEGUIClient\Debug\GameGui.obj
F:\Cegui\Game\CEGUIClient\Debug\GameLogic.obj
F:\Cegui\Game\CEGUIClient\Debug\GameWnd.obj
F:\Cegui\Game\CEGUIClient\Debug\IniFile.obj
F:\Cegui\Game\CEGUIClient\Debug\LogSystem.obj
F:\Cegui\Game\CEGUIClient\Debug\PathMngr.obj
F:\Cegui\Game\CEGUIClient\Debug\ResourceMngr.obj
F:\Cegui\Game\CEGUIClient\Debug\StringTools.obj
F:\Cegui\Game\CEGUIClient\Debug\TableFile.obj
F:\Cegui\Game\CEGUIClient\Debug\Thread.obj
F:\Cegui\Game\CEGUIClient\Debug\cl.command.1.tlog
F:\Cegui\Game\CEGUIClient\Debug\CL.read.1.tlog
F:\Cegui\Game\CEGUIClient\Debug\CL.write.1.tlog
F:\Cegui\Game\CEGUIClient\Debug\link-cvtres.read.1.tlog
F:\Cegui\Game\CEGUIClient\Debug\link-cvtres.write.1.tlog
F:\Cegui\Game\CEGUIClient\Debug\link-rc.read.1.tlog
F:\Cegui\Game\CEGUIClient\Debug\link-rc.write.1.tlog
F:\Cegui\Game\CEGUIClient\Debug\link.6196-cvtres.read.1.tlog
F:\Cegui\Game\CEGUIClient\Debug\link.6196-cvtres.write.1.tlog
F:\Cegui\Game\CEGUIClient\Debug\link.6196-rc.read.1.tlog
F:\Cegui\Game\CEGUIClient\Debug\link.6196-rc.write.1.tlog
F:\Cegui\Game\CEGUIClient\Debug\link.6196.read.1.tlog
F:\Cegui\Game\CEGUIClient\Debug\link.6196.write.1.tlog
F:\Cegui\Game\CEGUIClient\Debug\link.7332-cvtres.read.1.tlog
F:\Cegui\Game\CEGUIClient\Debug\link.7332-cvtres.write.1.tlog
F:\Cegui\Game\CEGUIClient\Debug\link.7332-rc.read.1.tlog
F:\Cegui\Game\CEGUIClient\Debug\link.7332-rc.write.1.tlog
F:\Cegui\Game\CEGUIClient\Debug\link.7332.read.1.tlog
F:\Cegui\Game\CEGUIClient\Debug\link.7332.write.1.tlog
F:\Cegui\Game\CEGUIClient\Debug\link.8488-cvtres.read.1.tlog
F:\Cegui\Game\CEGUIClient\Debug\link.8488-cvtres.write.1.tlog
F:\Cegui\Game\CEGUIClient\Debug\link.8488-rc.read.1.tlog
F:\Cegui\Game\CEGUIClient\Debug\link.8488-rc.write.1.tlog
F:\Cegui\Game\CEGUIClient\Debug\link.8488.read.1.tlog
F:\Cegui\Game\CEGUIClient\Debug\link.8488.write.1.tlog
F:\Cegui\Game\CEGUIClient\Debug\link.command.1.tlog
F:\Cegui\Game\CEGUIClient\Debug\link.read.1.tlog
F:\Cegui\Game\CEGUIClient\Debug\link.write.1.tlog
F:\Cegui\Game\CEGUIClient\Debug\vc110.idb
F:\Cegui\Game\CEGUIClient\Debug\vc110.pdb
F:\Cegui\Game\Bin\Client\CEGUIClient.pdb
F:\Cegui\Game\Bin\Client\CEGUIClient.exe
F:\Cegui\Game\Bin\Client\CEGUIClient.ilk
