H:\CEGUI\Game\Bin\Client\CEGUIBase.lib
H:\CEGUI\Game\Bin\Client\CEGUIBase.exp
H:\CEGUI\GAME\CEGUIBASE\DEBUG\CEGUIFALPROPERTYDEFINITIONBASE.OBJ
H:\CEGUI\GAME\CEGUIBASE\DEBUG\CEGUIFALPROPERTYINITIALISER.OBJ
H:\CEGUI\GAME\CEGUIBASE\DEBUG\CEGUIFALPROPERTYLINKDEFINITION.OBJ
H:\CEGUI\GAME\CEGUIBASE\DEBUG\CEGUIFALSECTIONSPECIFICATION.OBJ
H:\CEGUI\GAME\CEGUIBASE\DEBUG\CEGUIFALSTATEIMAGERY.OBJ
H:\CEGUI\GAME\CEGUIBASE\DEBUG\CEGUIFALTEXTCOMPONENT.OBJ
H:\CEGUI\GAME\CEGUIBASE\DEBUG\CEGUIFALWIDGETCOMPONENT.OBJ
H:\CEGUI\GAME\CEGUIBASE\DEBUG\CEGUIFALWIDGETLOOKFEEL.OBJ
H:\CEGUI\GAME\CEGUIBASE\DEBUG\CEGUIFALWIDGETLOOKMANAGER.OBJ
H:\CEGUI\GAME\CEGUIBASE\DEBUG\CEGUIFALXMLENUMHELPER.OBJ
H:\CEGUI\GAME\CEGUIBASE\DEBUG\IOAPI.OBJ
H:\CEGUI\GAME\CEGUIBASE\DEBUG\IOWIN32.OBJ
H:\CEGUI\GAME\CEGUIBASE\DEBUG\UNZIP.OBJ
H:\CEGUI\GAME\CEGUIBASE\DEBUG\CEGUIDIRECT3D9GEOMETRYBUFFER.OBJ
H:\CEGUI\GAME\CEGUIBASE\DEBUG\CEGUIDIRECT3D9RENDERER.OBJ
H:\CEGUI\GAME\CEGUIBASE\DEBUG\CEGUIDIRECT3D9RENDERTARGET.OBJ
H:\CEGUI\GAME\CEGUIBASE\DEBUG\CEGUIDIRECT3D9TEXTURE.OBJ
H:\CEGUI\GAME\CEGUIBASE\DEBUG\CEGUIDIRECT3D9TEXTURETARGET.OBJ
H:\CEGUI\GAME\CEGUIBASE\DEBUG\CEGUIDIRECT3D9VIEWPORTTARGET.OBJ
H:\CEGUI\GAME\CEGUIBASE\DEBUG\DIRECT3D9INIT.OBJ
H:\CEGUI\GAME\CEGUIBASE\DEBUG\CEGUITABCONTROLPROPERTIES.OBJ
H:\CEGUI\GAME\CEGUIBASE\DEBUG\CEGUITHUMB.OBJ
H:\CEGUI\GAME\CEGUIBASE\DEBUG\CEGUITHUMBPROPERTIES.OBJ
H:\CEGUI\GAME\CEGUIBASE\DEBUG\CEGUITITLEBAR.OBJ
H:\CEGUI\GAME\CEGUIBASE\DEBUG\CEGUITITLEBARPROPERTIES.OBJ
H:\CEGUI\GAME\CEGUIBASE\DEBUG\CEGUITOOLTIP.OBJ
H:\CEGUI\GAME\CEGUIBASE\DEBUG\CEGUITOOLTIPPROPERTIES.OBJ
H:\CEGUI\GAME\CEGUIBASE\DEBUG\CEGUITREE.OBJ
H:\CEGUI\GAME\CEGUIBASE\DEBUG\CEGUITREEITEM.OBJ
H:\CEGUI\GAME\CEGUIBASE\DEBUG\CEGUITREEPROPERTIES.OBJ
H:\CEGUI\GAME\CEGUIBASE\DEBUG\CEGUIVERTICALLAYOUTCONTAINER.OBJ
H:\CEGUI\GAME\CEGUIBASE\DEBUG\CEGUIFALAGARD_XMLHANDLER.OBJ
H:\CEGUI\GAME\CEGUIBASE\DEBUG\CEGUIFALCOMPONENTBASE.OBJ
H:\CEGUI\GAME\CEGUIBASE\DEBUG\CEGUIFALDIMENSIONS.OBJ
H:\CEGUI\GAME\CEGUIBASE\DEBUG\CEGUIFALFRAMECOMPONENT.OBJ
H:\CEGUI\GAME\CEGUIBASE\DEBUG\CEGUIFALIMAGERYCOMPONENT.OBJ
H:\CEGUI\GAME\CEGUIBASE\DEBUG\CEGUIFALIMAGERYSECTION.OBJ
H:\CEGUI\GAME\CEGUIBASE\DEBUG\CEGUIFALLAYERSPECIFICATION.OBJ
H:\CEGUI\GAME\CEGUIBASE\DEBUG\CEGUIFALNAMEDAREA.OBJ
H:\CEGUI\GAME\CEGUIBASE\DEBUG\CEGUIFALPROPERTYDEFINITION.OBJ
H:\CEGUI\GAME\CEGUIBASE\DEBUG\CEGUIPROGRESSBAR.OBJ
H:\CEGUI\GAME\CEGUIBASE\DEBUG\CEGUIPROGRESSBARPROPERTIES.OBJ
H:\CEGUI\GAME\CEGUIBASE\DEBUG\CEGUIPUSHBUTTON.OBJ
H:\CEGUI\GAME\CEGUIBASE\DEBUG\CEGUIRADIOBUTTON.OBJ
H:\CEGUI\GAME\CEGUIBASE\DEBUG\CEGUIRADIOBUTTONPROPERTIES.OBJ
H:\CEGUI\GAME\CEGUIBASE\DEBUG\CEGUISCROLLABLEPANE.OBJ
H:\CEGUI\GAME\CEGUIBASE\DEBUG\CEGUISCROLLABLEPANEPROPERTIES.OBJ
H:\CEGUI\GAME\CEGUIBASE\DEBUG\CEGUISCROLLBAR.OBJ
H:\CEGUI\GAME\CEGUIBASE\DEBUG\CEGUISCROLLBARPROPERTIES.OBJ
H:\CEGUI\GAME\CEGUIBASE\DEBUG\CEGUISCROLLEDCONTAINER.OBJ
H:\CEGUI\GAME\CEGUIBASE\DEBUG\CEGUISCROLLEDCONTAINERPROPERTIES.OBJ
H:\CEGUI\GAME\CEGUIBASE\DEBUG\CEGUISCROLLEDITEMLISTBASE.OBJ
H:\CEGUI\GAME\CEGUIBASE\DEBUG\CEGUISCROLLEDITEMLISTBASEPROPERTIES.OBJ
H:\CEGUI\GAME\CEGUIBASE\DEBUG\CEGUISEQUENTIALLAYOUTCONTAINER.OBJ
H:\CEGUI\GAME\CEGUIBASE\DEBUG\CEGUISLIDER.OBJ
H:\CEGUI\GAME\CEGUIBASE\DEBUG\CEGUISLIDERPROPERTIES.OBJ
H:\CEGUI\GAME\CEGUIBASE\DEBUG\CEGUISPINNER.OBJ
H:\CEGUI\GAME\CEGUIBASE\DEBUG\CEGUISPINNERPROPERTIES.OBJ
H:\CEGUI\GAME\CEGUIBASE\DEBUG\CEGUITABBUTTON.OBJ
H:\CEGUI\GAME\CEGUIBASE\DEBUG\CEGUITABCONTROL.OBJ
H:\CEGUI\GAME\CEGUIBASE\DEBUG\CEGUILAYOUTCONTAINER.OBJ
H:\CEGUI\GAME\CEGUIBASE\DEBUG\CEGUILISTBOX.OBJ
H:\CEGUI\GAME\CEGUIBASE\DEBUG\CEGUILISTBOXITEM.OBJ
H:\CEGUI\GAME\CEGUIBASE\DEBUG\CEGUILISTBOXPROPERTIES.OBJ
H:\CEGUI\GAME\CEGUIBASE\DEBUG\CEGUILISTBOXTEXTITEM.OBJ
H:\CEGUI\GAME\CEGUIBASE\DEBUG\CEGUILISTHEADER.OBJ
H:\CEGUI\GAME\CEGUIBASE\DEBUG\CEGUILISTHEADERPROPERTIES.OBJ
H:\CEGUI\GAME\CEGUIBASE\DEBUG\CEGUILISTHEADERSEGMENT.OBJ
H:\CEGUI\GAME\CEGUIBASE\DEBUG\CEGUILISTHEADERSEGMENTPROPERTIES.OBJ
H:\CEGUI\GAME\CEGUIBASE\DEBUG\CEGUIMENUBAR.OBJ
H:\CEGUI\GAME\CEGUIBASE\DEBUG\CEGUIMENUBASE.OBJ
H:\CEGUI\GAME\CEGUIBASE\DEBUG\CEGUIMENUBASEPROPERTIES.OBJ
H:\CEGUI\GAME\CEGUIBASE\DEBUG\CEGUIMENUITEM.OBJ
H:\CEGUI\GAME\CEGUIBASE\DEBUG\CEGUIMENUITEMPROPERTIES.OBJ
H:\CEGUI\GAME\CEGUIBASE\DEBUG\CEGUIMULTICOLUMNLIST.OBJ
H:\CEGUI\GAME\CEGUIBASE\DEBUG\CEGUIMULTICOLUMNLISTPROPERTIES.OBJ
H:\CEGUI\GAME\CEGUIBASE\DEBUG\CEGUIMULTILINEEDITBOX.OBJ
H:\CEGUI\GAME\CEGUIBASE\DEBUG\CEGUIMULTILINEEDITBOXPROPERTIES.OBJ
H:\CEGUI\GAME\CEGUIBASE\DEBUG\CEGUIPOPUPMENU.OBJ
H:\CEGUI\GAME\CEGUIBASE\DEBUG\CEGUIPOPUPMENUPROPERTIES.OBJ
H:\CEGUI\GAME\CEGUIBASE\DEBUG\CEGUICOMBOBOX.OBJ
H:\CEGUI\GAME\CEGUIBASE\DEBUG\CEGUICOMBOBOXPROPERTIES.OBJ
H:\CEGUI\GAME\CEGUIBASE\DEBUG\CEGUICOMBODROPLIST.OBJ
H:\CEGUI\GAME\CEGUIBASE\DEBUG\CEGUIDRAGCONTAINER.OBJ
H:\CEGUI\GAME\CEGUIBASE\DEBUG\CEGUIDRAGCONTAINERPROPERTIES.OBJ
H:\CEGUI\GAME\CEGUIBASE\DEBUG\CEGUIEDITBOX.OBJ
H:\CEGUI\GAME\CEGUIBASE\DEBUG\CEGUIEDITBOXPROPERTIES.OBJ
H:\CEGUI\GAME\CEGUIBASE\DEBUG\CEGUIFRAMEWINDOW.OBJ
H:\CEGUI\GAME\CEGUIBASE\DEBUG\CEGUIFRAMEWINDOWPROPERTIES.OBJ
H:\CEGUI\GAME\CEGUIBASE\DEBUG\CEGUIGRIDLAYOUTCONTAINER.OBJ
H:\CEGUI\GAME\CEGUIBASE\DEBUG\CEGUIGRIDLAYOUTCONTAINERPROPERTIES.OBJ
H:\CEGUI\GAME\CEGUIBASE\DEBUG\CEGUIGROUPBOX.OBJ
H:\CEGUI\GAME\CEGUIBASE\DEBUG\CEGUIGUISHEET.OBJ
H:\CEGUI\GAME\CEGUIBASE\DEBUG\CEGUIHORIZONTALLAYOUTCONTAINER.OBJ
H:\CEGUI\GAME\CEGUIBASE\DEBUG\CEGUIITEMENTRY.OBJ
H:\CEGUI\GAME\CEGUIBASE\DEBUG\CEGUIITEMENTRYPROPERTIES.OBJ
H:\CEGUI\GAME\CEGUIBASE\DEBUG\CEGUIITEMLISTBASE.OBJ
H:\CEGUI\GAME\CEGUIBASE\DEBUG\CEGUIITEMLISTBASEPROPERTIES.OBJ
H:\CEGUI\GAME\CEGUIBASE\DEBUG\CEGUIITEMLISTBOX.OBJ
H:\CEGUI\GAME\CEGUIBASE\DEBUG\CEGUIITEMLISTBOXPROPERTIES.OBJ
H:\CEGUI\GAME\CEGUIBASE\DEBUG\CEGUISUBSCRIBERSLOT.OBJ
H:\CEGUI\GAME\CEGUIBASE\DEBUG\CEGUISYSTEM.OBJ
H:\CEGUI\GAME\CEGUIBASE\DEBUG\CEGUITEXTUTILS.OBJ
H:\CEGUI\GAME\CEGUIBASE\DEBUG\CEGUIWINDOW.OBJ
H:\CEGUI\GAME\CEGUIBASE\DEBUG\CEGUIWINDOWFACTORY.OBJ
H:\CEGUI\GAME\CEGUIBASE\DEBUG\CEGUIWINDOWFACTORYMANAGER.OBJ
H:\CEGUI\GAME\CEGUIBASE\DEBUG\CEGUIWINDOWMANAGER.OBJ
H:\CEGUI\GAME\CEGUIBASE\DEBUG\CEGUIWINDOWPROPERTIES.OBJ
H:\CEGUI\GAME\CEGUIBASE\DEBUG\CEGUIWINDOWRENDERER.OBJ
H:\CEGUI\GAME\CEGUIBASE\DEBUG\CEGUIWINDOWRENDERERMANAGER.OBJ
H:\CEGUI\GAME\CEGUIBASE\DEBUG\CEGUIWINDOWRENDERERMODULE.OBJ
H:\CEGUI\GAME\CEGUIBASE\DEBUG\CEGUIWRFACTORYREGISTERER.OBJ
H:\CEGUI\GAME\CEGUIBASE\DEBUG\CEGUIXMLATTRIBUTES.OBJ
H:\CEGUI\GAME\CEGUIBASE\DEBUG\CEGUIXMLHANDLER.OBJ
H:\CEGUI\GAME\CEGUIBASE\DEBUG\CEGUIXMLPARSER.OBJ
H:\CEGUI\GAME\CEGUIBASE\DEBUG\CEGUIXMLSERIALIZER.OBJ
H:\CEGUI\GAME\CEGUIBASE\DEBUG\CEGUIBUTTONBASE.OBJ
H:\CEGUI\GAME\CEGUIBASE\DEBUG\CEGUICHECKBOX.OBJ
H:\CEGUI\GAME\CEGUIBASE\DEBUG\CEGUICHECKBOXPROPERTIES.OBJ
H:\CEGUI\GAME\CEGUIBASE\DEBUG\CEGUICLIPPEDCONTAINER.OBJ
H:\CEGUI\GAME\CEGUIBASE\DEBUG\CEGUIPROPERTYHELPER.OBJ
H:\CEGUI\GAME\CEGUIBASE\DEBUG\CEGUIPROPERTYSET.OBJ
H:\CEGUI\GAME\CEGUIBASE\DEBUG\CEGUIRECT.OBJ
H:\CEGUI\GAME\CEGUIBASE\DEBUG\CEGUIRENDEREDSTRING.OBJ
H:\CEGUI\GAME\CEGUIBASE\DEBUG\CEGUIRENDEREDSTRINGCOMPONENT.OBJ
H:\CEGUI\GAME\CEGUIBASE\DEBUG\CEGUIRENDEREDSTRINGIMAGECOMPONENT.OBJ
H:\CEGUI\GAME\CEGUIBASE\DEBUG\CEGUIRENDEREDSTRINGTEXTCOMPONENT.OBJ
H:\CEGUI\GAME\CEGUIBASE\DEBUG\CEGUIRENDEREDSTRINGWIDGETCOMPONENT.OBJ
H:\CEGUI\GAME\CEGUIBASE\DEBUG\CEGUIRENDEREFFECTMANAGER.OBJ
H:\CEGUI\GAME\CEGUIBASE\DEBUG\CEGUIRENDERINGROOT.OBJ
H:\CEGUI\GAME\CEGUIBASE\DEBUG\CEGUIRENDERINGSURFACE.OBJ
H:\CEGUI\GAME\CEGUIBASE\DEBUG\CEGUIRENDERINGWINDOW.OBJ
H:\CEGUI\GAME\CEGUIBASE\DEBUG\CEGUIRENDERQUEUE.OBJ
H:\CEGUI\GAME\CEGUIBASE\DEBUG\CEGUIRIGHTALIGNEDRENDEREDSTRING.OBJ
H:\CEGUI\GAME\CEGUIBASE\DEBUG\CEGUISCHEME.OBJ
H:\CEGUI\GAME\CEGUIBASE\DEBUG\CEGUISCHEMEMANAGER.OBJ
H:\CEGUI\GAME\CEGUIBASE\DEBUG\CEGUISCHEME_XMLHANDLER.OBJ
H:\CEGUI\GAME\CEGUIBASE\DEBUG\CEGUISCRIPTMODULE.OBJ
H:\CEGUI\GAME\CEGUIBASE\DEBUG\CEGUISIZE.OBJ
H:\CEGUI\GAME\CEGUIBASE\DEBUG\CEGUISTRING.OBJ
H:\CEGUI\GAME\CEGUIBASE\DEBUG\CEGUIGEOMETRYBUFFER.OBJ
H:\CEGUI\GAME\CEGUIBASE\DEBUG\CEGUIGLOBALEVENTSET.OBJ
H:\CEGUI\GAME\CEGUIBASE\DEBUG\CEGUIGUILAYOUT_XMLHANDLER.OBJ
H:\CEGUI\GAME\CEGUIBASE\DEBUG\CEGUIIMAGE.OBJ
H:\CEGUI\GAME\CEGUIBASE\DEBUG\CEGUIIMAGECODEC.OBJ
H:\CEGUI\GAME\CEGUIBASE\DEBUG\CEGUIIMAGESET.OBJ
H:\CEGUI\GAME\CEGUIBASE\DEBUG\CEGUIIMAGESETMANAGER.OBJ
H:\CEGUI\GAME\CEGUIBASE\DEBUG\CEGUIIMAGESET_XMLHANDLER.OBJ
H:\CEGUI\GAME\CEGUIBASE\DEBUG\CEGUIJUSTIFIEDRENDEREDSTRING.OBJ
H:\CEGUI\GAME\CEGUIBASE\DEBUG\CEGUIJUSTIFIEDRENDEREDSTRINGWORDWRAPPER.OBJ
H:\CEGUI\GAME\CEGUIBASE\DEBUG\CEGUIKEYFRAME.OBJ
H:\CEGUI\GAME\CEGUIBASE\DEBUG\CEGUILEFTALIGNEDRENDEREDSTRING.OBJ
H:\CEGUI\GAME\CEGUIBASE\DEBUG\CEGUILOGGER.OBJ
H:\CEGUI\GAME\CEGUIBASE\DEBUG\CEGUIMINIBIDIVISUALMAPPING.OBJ
H:\CEGUI\GAME\CEGUIBASE\DEBUG\CEGUIMINIZIPRESOURCEPROVIDER.OBJ
H:\CEGUI\GAME\CEGUIBASE\DEBUG\CEGUIMOUSECURSOR.OBJ
H:\CEGUI\GAME\CEGUIBASE\DEBUG\CEGUINAMEDXMLRESOURCEMANAGER.OBJ
H:\CEGUI\GAME\CEGUIBASE\DEBUG\CEGUIPCREREGEXMATCHER.OBJ
H:\CEGUI\GAME\CEGUIBASE\DEBUG\CEGUIPIXMAPFONT.OBJ
H:\CEGUI\GAME\CEGUIBASE\DEBUG\CEGUIPROPERTY.OBJ
H:\CEGUI\GAME\CEGUIBASE\DEBUG\CEGUICOORDCONVERTER.OBJ
H:\CEGUI\GAME\CEGUIBASE\DEBUG\CEGUIDATACONTAINER.OBJ
H:\CEGUI\GAME\CEGUIBASE\DEBUG\CEGUIDEFAULTLOGGER.OBJ
H:\CEGUI\GAME\CEGUIBASE\DEBUG\CEGUIDEFAULTRENDEREDSTRINGPARSER.OBJ
H:\CEGUI\GAME\CEGUIBASE\DEBUG\CEGUIDEFAULTRESOURCEPROVIDER.OBJ
H:\CEGUI\GAME\CEGUIBASE\DEBUG\CEGUIDYNAMICMODULE.OBJ
H:\CEGUI\GAME\CEGUIBASE\DEBUG\CEGUIEVENT.OBJ
H:\CEGUI\GAME\CEGUIBASE\DEBUG\CEGUIEVENTARGS.OBJ
H:\CEGUI\GAME\CEGUIBASE\DEBUG\CEGUIEVENTSET.OBJ
H:\CEGUI\GAME\CEGUIBASE\DEBUG\CEGUIEVENTSIGNAL.OBJ
H:\CEGUI\GAME\CEGUIBASE\DEBUG\CEGUIEVENTSIGNALSET.OBJ
H:\CEGUI\GAME\CEGUIBASE\DEBUG\CEGUIEXCEPTIONS.OBJ
H:\CEGUI\GAME\CEGUIBASE\DEBUG\CEGUIFACTORYMODULE.OBJ
H:\CEGUI\GAME\CEGUIBASE\DEBUG\CEGUIFONT.OBJ
H:\CEGUI\GAME\CEGUIBASE\DEBUG\CEGUIFONTMANAGER.OBJ
H:\CEGUI\GAME\CEGUIBASE\DEBUG\CEGUIFONTPROPERTIES.OBJ
H:\CEGUI\GAME\CEGUIBASE\DEBUG\CEGUIFONT_XMLHANDLER.OBJ
H:\CEGUI\GAME\CEGUIBASE\DEBUG\CEGUIFORMATTEDRENDEREDSTRING.OBJ
H:\CEGUI\GAME\CEGUIBASE\DEBUG\CEGUIFREETYPEFONT.OBJ
H:\CEGUI\GAME\CEGUIBASE\DEBUG\CEGUIFRIBIDIVISUALMAPPING.OBJ
H:\CEGUI\GAME\CEGUIBASE\DEBUG\CEGUIAFFECTOR.OBJ
H:\CEGUI\GAME\CEGUIBASE\DEBUG\CEGUIANIMATION.OBJ
H:\CEGUI\GAME\CEGUIBASE\DEBUG\CEGUIANIMATIONINSTANCE.OBJ
H:\CEGUI\GAME\CEGUIBASE\DEBUG\CEGUIANIMATIONMANAGER.OBJ
H:\CEGUI\GAME\CEGUIBASE\DEBUG\CEGUIANIMATION_XMLHANDLER.OBJ
H:\CEGUI\GAME\CEGUIBASE\DEBUG\CEGUIBASE.OBJ
H:\CEGUI\GAME\CEGUIBASE\DEBUG\CEGUIBASICINTERPOLATORS.OBJ
H:\CEGUI\GAME\CEGUIBASE\DEBUG\CEGUIBASICRENDEREDSTRINGPARSER.OBJ
H:\CEGUI\GAME\CEGUIBASE\DEBUG\CEGUIBIDIVISUALMAPPING.OBJ
H:\CEGUI\GAME\CEGUIBASE\DEBUG\CEGUIBOUNDSLOT.OBJ
H:\CEGUI\GAME\CEGUIBASE\DEBUG\CEGUICENTREDRENDEREDSTRING.OBJ
H:\CEGUI\GAME\CEGUIBASE\DEBUG\CEGUICHAINEDXMLHANDLER.OBJ
H:\CEGUI\GAME\CEGUIBASE\DEBUG\CEGUICOLOUR.OBJ
H:\CEGUI\GAME\CEGUIBASE\DEBUG\CEGUICOLOURRECT.OBJ
H:\CEGUI\GAME\CEGUIBASE\DEBUG\CEGUICONFIG_XMLHANDLER.OBJ
H:\CEGUI\GAME\CEGUIBASE\DEBUG\VC110.PDB
H:\CEGUI\GAME\BIN\CLIENT\CEGUIBASE.ILK
H:\CEGUI\GAME\BIN\CLIENT\CEGUIBASE.DLL
H:\CEGUI\GAME\BIN\CLIENT\CEGUIBASE.PDB
H:\CEGUI\Game\CEGUIBase\Debug\CEGUIAffector.obj
H:\CEGUI\Game\CEGUIBase\Debug\CEGUIAnimation.obj
H:\CEGUI\Game\CEGUIBase\Debug\CEGUIAnimationInstance.obj
H:\CEGUI\Game\CEGUIBase\Debug\CEGUIAnimationManager.obj
H:\CEGUI\Game\CEGUIBase\Debug\CEGUIAnimation_xmlHandler.obj
H:\CEGUI\Game\CEGUIBase\Debug\CEGUIBase.obj
H:\CEGUI\Game\CEGUIBase\Debug\CEGUIBasicInterpolators.obj
H:\CEGUI\Game\CEGUIBase\Debug\CEGUIBasicRenderedStringParser.obj
H:\CEGUI\Game\CEGUIBase\Debug\CEGUIBiDiVisualMapping.obj
H:\CEGUI\Game\CEGUIBase\Debug\CEGUIBoundSlot.obj
H:\CEGUI\Game\CEGUIBase\Debug\CEGUIButtonBase.obj
H:\CEGUI\Game\CEGUIBase\Debug\CEGUICentredRenderedString.obj
H:\CEGUI\Game\CEGUIBase\Debug\CEGUIChainedXMLHandler.obj
H:\CEGUI\Game\CEGUIBase\Debug\CEGUICheckbox.obj
H:\CEGUI\Game\CEGUIBase\Debug\CEGUICheckboxProperties.obj
H:\CEGUI\Game\CEGUIBase\Debug\CEGUIClippedContainer.obj
H:\CEGUI\Game\CEGUIBase\Debug\CEGUIcolour.obj
H:\CEGUI\Game\CEGUIBase\Debug\CEGUIColourRect.obj
H:\CEGUI\Game\CEGUIBase\Debug\CEGUICombobox.obj
H:\CEGUI\Game\CEGUIBase\Debug\CEGUIComboboxProperties.obj
H:\CEGUI\Game\CEGUIBase\Debug\CEGUIComboDropList.obj
H:\CEGUI\Game\CEGUIBase\Debug\CEGUIConfig_xmlHandler.obj
H:\CEGUI\Game\CEGUIBase\Debug\CEGUICoordConverter.obj
H:\CEGUI\Game\CEGUIBase\Debug\CEGUIDataContainer.obj
H:\CEGUI\Game\CEGUIBase\Debug\CEGUIDefaultLogger.obj
H:\CEGUI\Game\CEGUIBase\Debug\CEGUIDefaultRenderedStringParser.obj
H:\CEGUI\Game\CEGUIBase\Debug\CEGUIDefaultResourceProvider.obj
H:\CEGUI\Game\CEGUIBase\Debug\CEGUIDirect3D9GeometryBuffer.obj
H:\CEGUI\Game\CEGUIBase\Debug\CEGUIDirect3D9Renderer.obj
H:\CEGUI\Game\CEGUIBase\Debug\CEGUIDirect3D9RenderTarget.obj
H:\CEGUI\Game\CEGUIBase\Debug\CEGUIDirect3D9Texture.obj
H:\CEGUI\Game\CEGUIBase\Debug\CEGUIDirect3D9TextureTarget.obj
H:\CEGUI\Game\CEGUIBase\Debug\CEGUIDirect3D9ViewportTarget.obj
H:\CEGUI\Game\CEGUIBase\Debug\CEGUIDragContainer.obj
H:\CEGUI\Game\CEGUIBase\Debug\CEGUIDragContainerProperties.obj
H:\CEGUI\Game\CEGUIBase\Debug\CEGUIDynamicModule.obj
H:\CEGUI\Game\CEGUIBase\Debug\CEGUIEditbox.obj
H:\CEGUI\Game\CEGUIBase\Debug\CEGUIEditboxProperties.obj
H:\CEGUI\Game\CEGUIBase\Debug\CEGUIEvent.obj
H:\CEGUI\Game\CEGUIBase\Debug\CEGUIEventArgs.obj
H:\CEGUI\Game\CEGUIBase\Debug\CEGUIEventSet.obj
H:\CEGUI\Game\CEGUIBase\Debug\CEGUIEventSignal.obj
H:\CEGUI\Game\CEGUIBase\Debug\CEGUIEventSignalSet.obj
H:\CEGUI\Game\CEGUIBase\Debug\CEGUIExceptions.obj
H:\CEGUI\Game\CEGUIBase\Debug\CEGUIFactoryModule.obj
H:\CEGUI\Game\CEGUIBase\Debug\CEGUIFalagard_xmlHandler.obj
H:\CEGUI\Game\CEGUIBase\Debug\CEGUIFalComponentBase.obj
H:\CEGUI\Game\CEGUIBase\Debug\CEGUIFalDimensions.obj
H:\CEGUI\Game\CEGUIBase\Debug\CEGUIFalFrameComponent.obj
H:\CEGUI\Game\CEGUIBase\Debug\CEGUIFalImageryComponent.obj
H:\CEGUI\Game\CEGUIBase\Debug\CEGUIFalImagerySection.obj
H:\CEGUI\Game\CEGUIBase\Debug\CEGUIFalLayerSpecification.obj
H:\CEGUI\Game\CEGUIBase\Debug\CEGUIFalNamedArea.obj
H:\CEGUI\Game\CEGUIBase\Debug\CEGUIFalPropertyDefinition.obj
H:\CEGUI\Game\CEGUIBase\Debug\CEGUIFalPropertyDefinitionBase.obj
H:\CEGUI\Game\CEGUIBase\Debug\CEGUIFalPropertyInitialiser.obj
H:\CEGUI\Game\CEGUIBase\Debug\CEGUIFalPropertyLinkDefinition.obj
H:\CEGUI\Game\CEGUIBase\Debug\CEGUIFalSectionSpecification.obj
H:\CEGUI\Game\CEGUIBase\Debug\CEGUIFalStateImagery.obj
H:\CEGUI\Game\CEGUIBase\Debug\CEGUIFalTextComponent.obj
H:\CEGUI\Game\CEGUIBase\Debug\CEGUIFalWidgetComponent.obj
H:\CEGUI\Game\CEGUIBase\Debug\CEGUIFalWidgetLookFeel.obj
H:\CEGUI\Game\CEGUIBase\Debug\CEGUIFalWidgetLookManager.obj
H:\CEGUI\Game\CEGUIBase\Debug\CEGUIFalXMLEnumHelper.obj
H:\CEGUI\Game\CEGUIBase\Debug\CEGUIFont.obj
H:\CEGUI\Game\CEGUIBase\Debug\CEGUIFontManager.obj
H:\CEGUI\Game\CEGUIBase\Debug\CEGUIFontProperties.obj
H:\CEGUI\Game\CEGUIBase\Debug\CEGUIFont_xmlHandler.obj
H:\CEGUI\Game\CEGUIBase\Debug\CEGUIFormattedRenderedString.obj
H:\CEGUI\Game\CEGUIBase\Debug\CEGUIFrameWindow.obj
H:\CEGUI\Game\CEGUIBase\Debug\CEGUIFrameWindowProperties.obj
H:\CEGUI\Game\CEGUIBase\Debug\CEGUIFreeTypeFont.obj
H:\CEGUI\Game\CEGUIBase\Debug\CEGUIFribidiVisualMapping.obj
H:\CEGUI\Game\CEGUIBase\Debug\CEGUIGeometryBuffer.obj
H:\CEGUI\Game\CEGUIBase\Debug\CEGUIGlobalEventSet.obj
H:\CEGUI\Game\CEGUIBase\Debug\CEGUIGridLayoutContainer.obj
H:\CEGUI\Game\CEGUIBase\Debug\CEGUIGridLayoutContainerProperties.obj
H:\CEGUI\Game\CEGUIBase\Debug\CEGUIGroupBox.obj
H:\CEGUI\Game\CEGUIBase\Debug\CEGUIGUILayout_xmlHandler.obj
H:\CEGUI\Game\CEGUIBase\Debug\CEGUIGUISheet.obj
H:\CEGUI\Game\CEGUIBase\Debug\CEGUIHorizontalLayoutContainer.obj
H:\CEGUI\Game\CEGUIBase\Debug\CEGUIImage.obj
H:\CEGUI\Game\CEGUIBase\Debug\CEGUIImageCodec.obj
H:\CEGUI\Game\CEGUIBase\Debug\CEGUIImageset.obj
H:\CEGUI\Game\CEGUIBase\Debug\CEGUIImagesetManager.obj
H:\CEGUI\Game\CEGUIBase\Debug\CEGUIImageset_xmlHandler.obj
H:\CEGUI\Game\CEGUIBase\Debug\CEGUIItemEntry.obj
H:\CEGUI\Game\CEGUIBase\Debug\CEGUIItemEntryProperties.obj
H:\CEGUI\Game\CEGUIBase\Debug\CEGUIItemListBase.obj
H:\CEGUI\Game\CEGUIBase\Debug\CEGUIItemListBaseProperties.obj
H:\CEGUI\Game\CEGUIBase\Debug\CEGUIItemListbox.obj
H:\CEGUI\Game\CEGUIBase\Debug\CEGUIItemListboxProperties.obj
H:\CEGUI\Game\CEGUIBase\Debug\CEGUIJustifiedRenderedString.obj
H:\CEGUI\Game\CEGUIBase\Debug\CEGUIJustifiedRenderedStringWordWrapper.obj
H:\CEGUI\Game\CEGUIBase\Debug\CEGUIKeyFrame.obj
H:\CEGUI\Game\CEGUIBase\Debug\CEGUILayoutContainer.obj
H:\CEGUI\Game\CEGUIBase\Debug\CEGUILeftAlignedRenderedString.obj
H:\CEGUI\Game\CEGUIBase\Debug\CEGUIListbox.obj
H:\CEGUI\Game\CEGUIBase\Debug\CEGUIListboxItem.obj
H:\CEGUI\Game\CEGUIBase\Debug\CEGUIListboxProperties.obj
H:\CEGUI\Game\CEGUIBase\Debug\CEGUIListboxTextItem.obj
H:\CEGUI\Game\CEGUIBase\Debug\CEGUIListHeader.obj
H:\CEGUI\Game\CEGUIBase\Debug\CEGUIListHeaderProperties.obj
H:\CEGUI\Game\CEGUIBase\Debug\CEGUIListHeaderSegment.obj
H:\CEGUI\Game\CEGUIBase\Debug\CEGUIListHeaderSegmentProperties.obj
H:\CEGUI\Game\CEGUIBase\Debug\CEGUILogger.obj
H:\CEGUI\Game\CEGUIBase\Debug\CEGUIMenubar.obj
H:\CEGUI\Game\CEGUIBase\Debug\CEGUIMenuBase.obj
H:\CEGUI\Game\CEGUIBase\Debug\CEGUIMenuBaseProperties.obj
H:\CEGUI\Game\CEGUIBase\Debug\CEGUIMenuItem.obj
H:\CEGUI\Game\CEGUIBase\Debug\CEGUIMenuItemProperties.obj
H:\CEGUI\Game\CEGUIBase\Debug\CEGUIMinibidiVisualMapping.obj
H:\CEGUI\Game\CEGUIBase\Debug\CEGUIMinizipResourceProvider.obj
H:\CEGUI\Game\CEGUIBase\Debug\CEGUIMouseCursor.obj
H:\CEGUI\Game\CEGUIBase\Debug\CEGUIMultiColumnList.obj
H:\CEGUI\Game\CEGUIBase\Debug\CEGUIMultiColumnListProperties.obj
H:\CEGUI\Game\CEGUIBase\Debug\CEGUIMultiLineEditbox.obj
H:\CEGUI\Game\CEGUIBase\Debug\CEGUIMultiLineEditboxProperties.obj
H:\CEGUI\Game\CEGUIBase\Debug\CEGUINamedXMLResourceManager.obj
H:\CEGUI\Game\CEGUIBase\Debug\CEGUIPCRERegexMatcher.obj
H:\CEGUI\Game\CEGUIBase\Debug\CEGUIPixmapFont.obj
H:\CEGUI\Game\CEGUIBase\Debug\CEGUIPopupMenu.obj
H:\CEGUI\Game\CEGUIBase\Debug\CEGUIPopupMenuProperties.obj
H:\CEGUI\Game\CEGUIBase\Debug\CEGUIProgressBar.obj
H:\CEGUI\Game\CEGUIBase\Debug\CEGUIProgressBarProperties.obj
H:\CEGUI\Game\CEGUIBase\Debug\CEGUIProperty.obj
H:\CEGUI\Game\CEGUIBase\Debug\CEGUIPropertyHelper.obj
H:\CEGUI\Game\CEGUIBase\Debug\CEGUIPropertySet.obj
H:\CEGUI\Game\CEGUIBase\Debug\CEGUIPushButton.obj
H:\CEGUI\Game\CEGUIBase\Debug\CEGUIRadioButton.obj
H:\CEGUI\Game\CEGUIBase\Debug\CEGUIRadioButtonProperties.obj
H:\CEGUI\Game\CEGUIBase\Debug\CEGUIRect.obj
H:\CEGUI\Game\CEGUIBase\Debug\CEGUIRenderedString.obj
H:\CEGUI\Game\CEGUIBase\Debug\CEGUIRenderedStringComponent.obj
H:\CEGUI\Game\CEGUIBase\Debug\CEGUIRenderedStringImageComponent.obj
H:\CEGUI\Game\CEGUIBase\Debug\CEGUIRenderedStringTextComponent.obj
H:\CEGUI\Game\CEGUIBase\Debug\CEGUIRenderedStringWidgetComponent.obj
H:\CEGUI\Game\CEGUIBase\Debug\CEGUIRenderEffectManager.obj
H:\CEGUI\Game\CEGUIBase\Debug\CEGUIRenderingRoot.obj
H:\CEGUI\Game\CEGUIBase\Debug\CEGUIRenderingSurface.obj
H:\CEGUI\Game\CEGUIBase\Debug\CEGUIRenderingWindow.obj
H:\CEGUI\Game\CEGUIBase\Debug\CEGUIRenderQueue.obj
H:\CEGUI\Game\CEGUIBase\Debug\CEGUIRightAlignedRenderedString.obj
H:\CEGUI\Game\CEGUIBase\Debug\CEGUIScheme.obj
H:\CEGUI\Game\CEGUIBase\Debug\CEGUISchemeManager.obj
H:\CEGUI\Game\CEGUIBase\Debug\CEGUIScheme_xmlHandler.obj
H:\CEGUI\Game\CEGUIBase\Debug\CEGUIScriptModule.obj
H:\CEGUI\Game\CEGUIBase\Debug\CEGUIScrollablePane.obj
H:\CEGUI\Game\CEGUIBase\Debug\CEGUIScrollablePaneProperties.obj
H:\CEGUI\Game\CEGUIBase\Debug\CEGUIScrollbar.obj
H:\CEGUI\Game\CEGUIBase\Debug\CEGUIScrollbarProperties.obj
H:\CEGUI\Game\CEGUIBase\Debug\CEGUIScrolledContainer.obj
H:\CEGUI\Game\CEGUIBase\Debug\CEGUIScrolledContainerProperties.obj
H:\CEGUI\Game\CEGUIBase\Debug\CEGUIScrolledItemListBase.obj
H:\CEGUI\Game\CEGUIBase\Debug\CEGUIScrolledItemListBaseProperties.obj
H:\CEGUI\Game\CEGUIBase\Debug\CEGUISequentialLayoutContainer.obj
H:\CEGUI\Game\CEGUIBase\Debug\CEGUISize.obj
H:\CEGUI\Game\CEGUIBase\Debug\CEGUISlider.obj
H:\CEGUI\Game\CEGUIBase\Debug\CEGUISliderProperties.obj
H:\CEGUI\Game\CEGUIBase\Debug\CEGUISpinner.obj
H:\CEGUI\Game\CEGUIBase\Debug\CEGUISpinnerProperties.obj
H:\CEGUI\Game\CEGUIBase\Debug\CEGUIString.obj
H:\CEGUI\Game\CEGUIBase\Debug\CEGUISubscriberSlot.obj
H:\CEGUI\Game\CEGUIBase\Debug\CEGUISystem.obj
H:\CEGUI\Game\CEGUIBase\Debug\CEGUITabButton.obj
H:\CEGUI\Game\CEGUIBase\Debug\CEGUITabControl.obj
H:\CEGUI\Game\CEGUIBase\Debug\CEGUITabControlProperties.obj
H:\CEGUI\Game\CEGUIBase\Debug\CEGUITextUtils.obj
H:\CEGUI\Game\CEGUIBase\Debug\CEGUIThumb.obj
H:\CEGUI\Game\CEGUIBase\Debug\CEGUIThumbProperties.obj
H:\CEGUI\Game\CEGUIBase\Debug\CEGUITitlebar.obj
H:\CEGUI\Game\CEGUIBase\Debug\CEGUITitlebarProperties.obj
H:\CEGUI\Game\CEGUIBase\Debug\CEGUITooltip.obj
H:\CEGUI\Game\CEGUIBase\Debug\CEGUITooltipProperties.obj
H:\CEGUI\Game\CEGUIBase\Debug\CEGUITree.obj
H:\CEGUI\Game\CEGUIBase\Debug\CEGUITreeItem.obj
H:\CEGUI\Game\CEGUIBase\Debug\CEGUITreeProperties.obj
H:\CEGUI\Game\CEGUIBase\Debug\CEGUIVerticalLayoutContainer.obj
H:\CEGUI\Game\CEGUIBase\Debug\CEGUIWindow.obj
H:\CEGUI\Game\CEGUIBase\Debug\CEGUIWindowFactory.obj
H:\CEGUI\Game\CEGUIBase\Debug\CEGUIWindowFactoryManager.obj
H:\CEGUI\Game\CEGUIBase\Debug\CEGUIWindowManager.obj
H:\CEGUI\Game\CEGUIBase\Debug\CEGUIWindowProperties.obj
H:\CEGUI\Game\CEGUIBase\Debug\CEGUIWindowRenderer.obj
H:\CEGUI\Game\CEGUIBase\Debug\CEGUIWindowRendererManager.obj
H:\CEGUI\Game\CEGUIBase\Debug\CEGUIWindowRendererModule.obj
H:\CEGUI\Game\CEGUIBase\Debug\CEGUIWRFactoryRegisterer.obj
H:\CEGUI\Game\CEGUIBase\Debug\CEGUIXMLAttributes.obj
H:\CEGUI\Game\CEGUIBase\Debug\CEGUIXMLHandler.obj
H:\CEGUI\Game\CEGUIBase\Debug\CEGUIXMLParser.obj
H:\CEGUI\Game\CEGUIBase\Debug\CEGUIXMLSerializer.obj
H:\CEGUI\Game\CEGUIBase\Debug\Direct3D9Init.obj
H:\CEGUI\Game\CEGUIBase\Debug\ioapi.obj
H:\CEGUI\Game\CEGUIBase\Debug\iowin32.obj
H:\CEGUI\Game\CEGUIBase\Debug\unzip.obj
H:\CEGUI\Game\CEGUIBase\Debug\CEGUIBase.write.1.tlog
H:\CEGUI\Game\CEGUIBase\Debug\cl.command.1.tlog
H:\CEGUI\Game\CEGUIBase\Debug\CL.read.1.tlog
H:\CEGUI\Game\CEGUIBase\Debug\CL.write.1.tlog
H:\CEGUI\Game\CEGUIBase\Debug\link-cvtres.read.1.tlog
H:\CEGUI\Game\CEGUIBase\Debug\link-cvtres.write.1.tlog
H:\CEGUI\Game\CEGUIBase\Debug\link-rc.read.1.tlog
H:\CEGUI\Game\CEGUIBase\Debug\link-rc.write.1.tlog
H:\CEGUI\Game\CEGUIBase\Debug\link.command.1.tlog
H:\CEGUI\Game\CEGUIBase\Debug\link.read.1.tlog
H:\CEGUI\Game\CEGUIBase\Debug\link.write.1.tlog
H:\CEGUI\Game\CEGUIBase\Debug\vc110.idb
H:\CEGUI\Game\CEGUIBase\Debug\vc110.pdb
H:\CEGUI\Game\Bin\Client\CEGUIBase.pdb
H:\CEGUI\Game\Bin\Client\CEGUIBase.dll
H:\CEGUI\Game\Bin\Client\CEGUIBase.ilk
